<?xml version="1.0" encoding="UTF-8"?>
<testsuite xmlns:xsi="http://www.w3.org/2001/XMLSchema-instance" xsi:schemaLocation="https://maven.apache.org/surefire/maven-surefire-plugin/xsd/surefire-test-report.xsd" name="com.testRunners.RunnerTest" time="1.075" tests="4" errors="2" skipped="2" failures="0">
  <properties>
[...]
</properties>
  <testcase name="Given Enter Esct User Name rohan@testmail.com" classname="| rohan@testmail.com | aress123$Z |" time="0.016">
    <error message="java.lang.NullPointerException" type="java.lang.RuntimeException">java.lang.RuntimeException: java.lang.NullPointerException
Caused by: java.lang.NullPointerException
</error>
    <system-err><![CDATA[org.openqa.selenium.WebDriverException: Cannot find firefox binary in PATH. Make sure firefox is installed. OS appears to be: WIN8_1
Build info: version: '2.45.0', revision: '5017cb8e7ca8e37638dc3091b2440b90a1d8686f', time: '2015-02-27 09:10:26'
System info: host: 'Machine-110', ip: '192.168.56.1', os.name: 'Windows 8.1', os.arch: 'amd64', os.version: '6.3', java.version: '1.8.0_144'
Driver info: driver.version: FirefoxDriver
	at org.openqa.selenium.firefox.internal.Executable.<init>(Executable.java:72)
	at org.openqa.selenium.firefox.FirefoxBinary.<init>(FirefoxBinary.java:59)
	at org.openqa.selenium.firefox.FirefoxBinary.<init>(FirefoxBinary.java:55)
	at org.openqa.selenium.firefox.FirefoxDriver.<init>(FirefoxDriver.java:95)
	at core.generic.StepBase.setUp(StepBase.java:73)
	at core.Hooks.Hooks.applyHook(Hooks.java:21)
	at sun.reflect.NativeMethodAccessorImpl.invoke0(Native Method)
	at sun.reflect.NativeMethodAccessorImpl.invoke(NativeMethodAccessorImpl.java:62)
	at sun.reflect.DelegatingMethodAccessorImpl.invoke(DelegatingMethodAccessorImpl.java:43)
	at java.lang.reflect.Method.invoke(Method.java:498)
	at cucumber.runtime.Utils$1.call(Utils.java:35)
	at cucumber.runtime.Timeout.timeout(Timeout.java:12)
	at cucumber.runtime.Utils.invoke(Utils.java:31)
	at cucumber.runtime.java.JavaHookDefinition.execute(JavaHookDefinition.java:59)
	at cucumber.runtime.Runtime.runHookIfTagsMatch(Runtime.java:213)
	at cucumber.runtime.Runtime.runHooks(Runtime.java:201)
	at cucumber.runtime.Runtime.runBeforeHooks(Runtime.java:191)
	at cucumber.runtime.model.CucumberScenario.run(CucumberScenario.java:36)
	at cucumber.runtime.junit.ExecutionUnitRunner.run(ExecutionUnitRunner.java:83)
	at org.junit.runners.Suite.runChild(Suite.java:127)
	at org.junit.runners.Suite.runChild(Suite.java:26)
	at org.junit.runners.ParentRunner$3.run(ParentRunner.java:238)
	at org.junit.runners.ParentRunner$1.schedule(ParentRunner.java:63)
	at org.junit.runners.ParentRunner.runChildren(ParentRunner.java:236)
	at org.junit.runners.ParentRunner.access$000(ParentRunner.java:53)
	at org.junit.runners.ParentRunner$2.evaluate(ParentRunner.java:229)
	at org.junit.runners.ParentRunner.run(ParentRunner.java:309)
	at org.junit.runners.Suite.runChild(Suite.java:127)
	at org.junit.runners.Suite.runChild(Suite.java:26)
	at org.junit.runners.ParentRunner$3.run(ParentRunner.java:238)
	at org.junit.runners.ParentRunner$1.schedule(ParentRunner.java:63)
	at org.junit.runners.ParentRunner.runChildren(ParentRunner.java:236)
	at org.junit.runners.ParentRunner.access$000(ParentRunner.java:53)
	at org.junit.runners.ParentRunner$2.evaluate(ParentRunner.java:229)
	at org.junit.runners.ParentRunner.run(ParentRunner.java:309)
	at cucumber.runtime.junit.FeatureRunner.runChild(FeatureRunner.java:63)
	at cucumber.runtime.junit.FeatureRunner.runChild(FeatureRunner.java:18)
	at org.junit.runners.ParentRunner$3.run(ParentRunner.java:238)
	at org.junit.runners.ParentRunner$1.schedule(ParentRunner.java:63)
	at org.junit.runners.ParentRunner.runChildren(ParentRunner.java:236)
	at org.junit.runners.ParentRunner.access$000(ParentRunner.java:53)
	at org.junit.runners.ParentRunner$2.evaluate(ParentRunner.java:229)
	at org.junit.runners.ParentRunner.run(ParentRunner.java:309)
	at cucumber.runtime.junit.FeatureRunner.run(FeatureRunner.java:70)
	at cucumber.api.junit.Cucumber.runChild(Cucumber.java:82)
	at cucumber.api.junit.Cucumber.runChild(Cucumber.java:41)
	at org.junit.runners.ParentRunner$3.run(ParentRunner.java:238)
	at org.junit.runners.ParentRunner$1.schedule(ParentRunner.java:63)
	at org.junit.runners.ParentRunner.runChildren(ParentRunner.java:236)
	at org.junit.runners.ParentRunner.access$000(ParentRunner.java:53)
	at org.junit.runners.ParentRunner$2.evaluate(ParentRunner.java:229)
	at org.junit.runners.ParentRunner.run(ParentRunner.java:309)
	at cucumber.api.junit.Cucumber.run(Cucumber.java:87)
	at org.apache.maven.surefire.junit4.JUnit4Provider.execute(JUnit4Provider.java:367)
	at org.apache.maven.surefire.junit4.JUnit4Provider.executeWithRerun(JUnit4Provider.java:274)
	at org.apache.maven.surefire.junit4.JUnit4Provider.executeTestSet(JUnit4Provider.java:238)
	at org.apache.maven.surefire.junit4.JUnit4Provider.invoke(JUnit4Provider.java:161)
	at org.apache.maven.surefire.booter.ForkedBooter.invokeProviderInSameClassLoader(ForkedBooter.java:290)
	at org.apache.maven.surefire.booter.ForkedBooter.runSuitesInProcess(ForkedBooter.java:242)
	at org.apache.maven.surefire.booter.ForkedBooter.main(ForkedBooter.java:121)
]]></system-err>
  </testcase>
  <testcase name="| rohan@testmail.com | aress123$Z |" classname="| rohan@testmail.com | aress123$Z |" time="0.016">
    <error message="java.lang.NullPointerException" type="java.lang.RuntimeException">java.lang.RuntimeException: java.lang.NullPointerException
Caused by: java.lang.NullPointerException
</error>
  </testcase>
  <testcase name="Then Enter Esct Password aress123$Z" classname="| rohan@testmail.com | aress123$Z |" time="0">
    <skipped/>
  </testcase>
  <testcase name="Then Click on Esct Login button" classname="| rohan@testmail.com | aress123$Z |" time="0">
    <skipped/>
  </testcase>
</testsuite>